<?xml version="1.0" encoding="UTF-8"?>
<testsuite name="Cucumber" time="214.872" tests="16" skipped="0" failures="2" errors="0">
<testcase classname="F01_Register | users could register with new accounts" name="guest user could register with valid data successfully" time="18.167">
<system-out><![CDATA[
Given user go to register page..............................................passed
And user select gender type.................................................passed
And user enter first name "automation" and last name "tester"...............passed
And user enter date of birth................................................passed
And user enter email "test@example.com" field...............................passed
And user fills Password fields "P@ssw0rd" "P@ssw0rd"........................passed
And user clicks on register button..........................................passed
Then success message is displayed...........................................passed
]]></system-out>
</testcase>
<testcase classname="F02_Login | users could use login functionality to use their accounts" name="user could login with valid email and password" time="9.601">
<system-out><![CDATA[
Given user go to login page.................................................passed
When login with valid info "test@example.com" and "P@ssw0rd"................passed
And user press on login button..............................................passed
Then user login to the system successfully..................................passed
]]></system-out>
</testcase>
<testcase classname="F02_Login | users could use login functionality to use their accounts" name="user could login with invalid email and password" time="19.554">
<system-out><![CDATA[
Given user go to login page.................................................passed
When user login with invalid info "test@example1.com12" and "P@ssw0rd"......passed
And user press on login button..............................................passed
Then user could not login to the system.....................................passed
]]></system-out>
</testcase>
<testcase classname="F03_Currency | Currency display correctly according to selection" name="Currency display correctly according to selection" time="8.746">
<system-out><![CDATA[
Given user press on currency button and selects euro........................passed
Then â‚¬ should be displayed for product currency.............................passed
]]></system-out>
</testcase>
<testcase classname="F04_hover | User could search using product name or serial" name="user could search using product name - Example #1.1" time="8.479">
<failure type="java.lang.AssertionError" message="expected [true] but found [false]">
<![CDATA[java.lang.AssertionError: expected [true] but found [false]
	at org.testng.Assert.fail(Assert.java:110)
	at org.testng.Assert.failNotEquals(Assert.java:1577)
	at org.testng.Assert.assertTrue(Assert.java:56)
	at org.testng.Assert.assertTrue(Assert.java:66)
	at stepDefs.D04_search.should_appear_in_the_search_results(D04_search.java:24)
	at ?."book" should appear in the search results(file:///F:/TestingPractice/SeleniumPrac/src/main/resources/features/F04_search.feature:6)
]]>
</failure>
<system-out><![CDATA[
When user searches for "book"...............................................passed
Then "book" should appear in the search results.............................failed
]]></system-out>
</testcase>
<testcase classname="F04_hover | User could search using product name or serial" name="user could search using product name - Example #1.2" time="9.707">
<system-out><![CDATA[
When user searches for "laptop".............................................passed
Then "laptop" should appear in the search results...........................passed
]]></system-out>
</testcase>
<testcase classname="F04_hover | User could search using product name or serial" name="user could search using product name - Example #1.3" time="9.508">
<system-out><![CDATA[
When user searches for "nike"...............................................passed
Then "nike" should appear in the search results.............................passed
]]></system-out>
</testcase>
<testcase classname="F04_hover | User could search using product name or serial" name="user could search for product using sku - Example #1.1" time="12.591">
<system-out><![CDATA[
Given user searches for "SCI_FAITH".........................................passed
Then user clicks on each product and checks if sku matches"SCI_FAITH".......passed
]]></system-out>
</testcase>
<testcase classname="F04_hover | User could search using product name or serial" name="user could search for product using sku - Example #1.2" time="10.455">
<system-out><![CDATA[
Given user searches for "APPLE_CAM".........................................passed
Then user clicks on each product and checks if sku matches"APPLE_CAM".......passed
]]></system-out>
</testcase>
<testcase classname="F04_hover | User could search using product name or serial" name="user could search for product using sku - Example #1.3" time="11.651">
<system-out><![CDATA[
Given user searches for "SF_PRO_11".........................................passed
Then user clicks on each product and checks if sku matches"SF_PRO_11".......passed
]]></system-out>
</testcase>
<testcase classname="F05_hover | Hovering over element and asserting its href value is equal to hover value" name="title display correctly" time="8.233">
<system-out><![CDATA[
Given user selects random category and selects random subcategory if exists.passed
Then sub category title is equal to title...................................passed
]]></system-out>
</testcase>
<testcase classname="F06_wishList | Clicking external link opens in a new tab and matches href" name="F06_externalLinks | user is redirected to facebook/twitter/rss/youtube links - Example #1.1" time="10.852">
<system-out><![CDATA[
Given user clicks on "Facebook".............................................passed
And link opens in a new tab.................................................passed
Then link matches...........................................................passed
]]></system-out>
</testcase>
<testcase classname="F06_wishList | Clicking external link opens in a new tab and matches href" name="F06_externalLinks | user is redirected to facebook/twitter/rss/youtube links - Example #1.2" time="20.679">
<system-out><![CDATA[
Given user clicks on "Twitter"..............................................passed
And link opens in a new tab.................................................passed
Then link matches...........................................................passed
]]></system-out>
</testcase>
<testcase classname="F06_wishList | Clicking external link opens in a new tab and matches href" name="F06_externalLinks | user is redirected to facebook/twitter/rss/youtube links - Example #1.3" time="11.13">
<failure type="java.lang.AssertionError" message="expected [true] but found [false]">
<![CDATA[java.lang.AssertionError: expected [true] but found [false]
	at org.testng.Assert.fail(Assert.java:110)
	at org.testng.Assert.failNotEquals(Assert.java:1577)
	at org.testng.Assert.assertTrue(Assert.java:56)
	at org.testng.Assert.assertTrue(Assert.java:66)
	at stepDefs.D06_externalLinks.link_opens_in_new_tab(D06_externalLinks.java:23)
	at ?.link opens in a new tab(file:///F:/TestingPractice/SeleniumPrac/src/main/resources/features/F06_externalLinks.feature:6)
]]>
</failure>
<system-out><![CDATA[
Given user clicks on "RSS"..................................................passed
And link opens in a new tab.................................................failed
Then link matches...........................................................skipped
]]></system-out>
</testcase>
<testcase classname="F06_wishList | Clicking external link opens in a new tab and matches href" name="F06_externalLinks | user is redirected to facebook/twitter/rss/youtube links - Example #1.4" time="18.308">
<system-out><![CDATA[
Given user clicks on "YouTube"..............................................passed
And link opens in a new tab.................................................passed
Then link matches...........................................................passed
]]></system-out>
</testcase>
<testcase classname="F07_wishList | Adding element to wishlist is successful" name="Element is added to wishlist" time="26.659">
<system-out><![CDATA[
Given user click on a product in the webpage................................passed
And user clicks add to wishlist.............................................passed
Then green msg appears saying it was added successfully and wishcart shows the item with qt higher than zero.passed
]]></system-out>
</testcase>
</testsuite>
